=== PRUSTI VERIFICATION LOG ===
timestamp: 2026-04-09T13:37:16.357581
file: /home/slade/defi_guardian/defi_vault.rs

--- STDOUT ---


--- STDERR ---
  __          __        __  ___             
 |__)  _\/_  |__) |  | /__`  |   ____\/_  | 
 |      /\   |  \ \__/ .__/  |       /\   | 

Prusti version: 0.2.2, commit a0681ee 2023-08-22 15:08:33 UTC, built on 2023-08-22 15:17:40 UTC
error: cannot find attribute `pure` in this scope
  --> /tmp/tmpvaqvklwk/lib.rs:56:7
   |
56 |     #[pure]
   |       ^^^^
   |
help: consider importing this attribute macro
   |
10 + use prusti_contracts::pure;
   |

error: cannot find attribute `pure` in this scope
  --> /tmp/tmpvaqvklwk/lib.rs:65:7
   |
65 |     #[pure]
   |       ^^^^
   |
help: consider importing this attribute macro
   |
10 + use prusti_contracts::pure;
   |

error: cannot find attribute `pure` in this scope
  --> /tmp/tmpvaqvklwk/lib.rs:72:7
   |
72 |     #[pure]
   |       ^^^^
   |
help: consider importing this attribute macro
   |
10 + use prusti_contracts::pure;
   |

error: cannot find attribute `pure` in this scope
  --> /tmp/tmpvaqvklwk/lib.rs:79:7
   |
79 |     #[pure]
   |       ^^^^
   |
help: consider importing this attribute macro
   |
10 + use prusti_contracts::pure;
   |

error: cannot find attribute `ensures` in this scope
   --> /tmp/tmpvaqvklwk/lib.rs:106:7
    |
106 |     #[ensures(self.invariant_total_supply())]
    |       ^^^^^^^
    |
help: consider importing this attribute macro
    |
10  + use prusti_contracts::ensures;
    |

error: cannot find attribute `ensures` in this scope
   --> /tmp/tmpvaqvklwk/lib.rs:107:7
    |
107 |     #[ensures(self.invariant_no_overflow())]
    |       ^^^^^^^
    |
help: consider importing this attribute macro
    |
10  + use prusti_contracts::ensures;
    |

error: cannot find attribute `ensures` in this scope
   --> /tmp/tmpvaqvklwk/lib.rs:108:7
    |
108 |     #[ensures(!self.locked)]
    |       ^^^^^^^
    |
help: consider importing this attribute macro
    |
10  + use prusti_contracts::ensures;
    |

error: cannot find attribute `ensures` in this scope
   --> /tmp/tmpvaqvklwk/lib.rs:149:7
    |
149 |     #[ensures(self.collateral == old(self.collateral) + amount)]
    |       ^^^^^^^
    |
help: consider importing this attribute macro
    |
10  + use prusti_contracts::ensures;
    |

error: cannot find attribute `ensures` in this scope
   --> /tmp/tmpvaqvklwk/lib.rs:150:7
    |
150 |     #[ensures(self.total_supply == old(self.total_supply) + amount)]
    |       ^^^^^^^
    |
help: consider importing this attribute macro
    |
10  + use prusti_contracts::ensures;
    |

error: cannot find attribute `ensures` in this scope
   --> /tmp/tmpvaqvklwk/lib.rs:151:7
    |
151 |     #[ensures(self.invariant_solvency())]
    |       ^^^^^^^
    |
help: consider importing this attribute macro
    |
10  + use prusti_contracts::ensures;
    |

error: cannot find attribute `requires` in this scope
   --> /tmp/tmpvaqvklwk/lib.rs:181:7
    |
181 |     #[requires(self.collateral >= amount)]
    |       ^^^^^^^^
    |
help: consider importing this attribute macro
    |
10  + use prusti_contracts::requires;
    |

error: cannot find attribute `requires` in this scope
   --> /tmp/tmpvaqvklwk/lib.rs:182:7
    |
182 |     #[requires(self.balances[user] >= amount)]
    |       ^^^^^^^^
    |
help: consider importing this attribute macro
    |
10  + use prusti_contracts::requires;
    |

error: cannot find attribute `requires` in this scope
   --> /tmp/tmpvaqvklwk/lib.rs:183:7
    |
183 |     #[requires(self.collateral - amount >= self.debt / self.price)]
    |       ^^^^^^^^
    |
help: consider importing this attribute macro
    |
10  + use prusti_contracts::requires;
    |

error: cannot find attribute `ensures` in this scope
   --> /tmp/tmpvaqvklwk/lib.rs:184:7
    |
184 |     #[ensures(self.collateral == old(self.collateral) - amount)]
    |       ^^^^^^^
    |
help: consider importing this attribute macro
    |
10  + use prusti_contracts::ensures;
    |

error: cannot find attribute `ensures` in this scope
   --> /tmp/tmpvaqvklwk/lib.rs:185:7
    |
185 |     #[ensures(self.balances[user] == old(self.balances[user]) - amount)]
    |       ^^^^^^^
    |
help: consider importing this attribute macro
    |
10  + use prusti_contracts::ensures;
    |

error: cannot find attribute `ensures` in this scope
   --> /tmp/tmpvaqvklwk/lib.rs:186:7
    |
186 |     #[ensures(self.invariant_solvency())]
    |       ^^^^^^^
    |
help: consider importing this attribute macro
    |
10  + use prusti_contracts::ensures;
    |

error: cannot find attribute `requires` in this scope
   --> /tmp/tmpvaqvklwk/lib.rs:228:7
    |
228 |     #[requires(self.collateral * self.price >= self.debt + amount)]
    |       ^^^^^^^^
    |
help: consider importing this attribute macro
    |
10  + use prusti_contracts::requires;
    |

error: cannot find attribute `ensures` in this scope
   --> /tmp/tmpvaqvklwk/lib.rs:229:7
    |
229 |     #[ensures(self.debt == old(self.debt) + amount)]
    |       ^^^^^^^
    |
help: consider importing this attribute macro
    |
10  + use prusti_contracts::ensures;
    |

error: cannot find attribute `ensures` in this scope
   --> /tmp/tmpvaqvklwk/lib.rs:230:7
    |
230 |     #[ensures(self.balances[user] == old(self.balances[user]) + amount)]
    |       ^^^^^^^
    |
help: consider importing this attribute macro
    |
10  + use prusti_contracts::ensures;
    |

error: cannot find attribute `ensures` in this scope
   --> /tmp/tmpvaqvklwk/lib.rs:231:7
    |
231 |     #[ensures(self.invariant_solvency())]
    |       ^^^^^^^
    |
help: consider importing this attribute macro
    |
10  + use prusti_contracts::ensures;
    |

error: cannot find attribute `requires` in this scope
   --> /tmp/tmpvaqvklwk/lib.rs:264:7
    |
264 |     #[requires(self.debt >= amount)]
    |       ^^^^^^^^
    |
help: consider importing this attribute macro
    |
10  + use prusti_contracts::requires;
    |

error: cannot find attribute `requires` in this scope
   --> /tmp/tmpvaqvklwk/lib.rs:265:7
    |
265 |     #[requires(self.balances[user] >= amount)]
    |       ^^^^^^^^
    |
help: consider importing this attribute macro
    |
10  + use prusti_contracts::requires;
    |

error: cannot find attribute `ensures` in this scope
   --> /tmp/tmpvaqvklwk/lib.rs:266:7
    |
266 |     #[ensures(self.debt == old(self.debt) - amount)]
    |       ^^^^^^^
    |
help: consider importing this attribute macro
    |
10  + use prusti_contracts::ensures;
    |

error: cannot find attribute `ensures` in this scope
   --> /tmp/tmpvaqvklwk/lib.rs:267:7
    |
267 |     #[ensures(self.balances[user] == old(self.balances[user]) - amount)]
    |       ^^^^^^^
    |
help: consider importing this attribute macro
    |
10  + use prusti_contracts::ensures;
    |

error: cannot find attribute `ensures` in this scope
   --> /tmp/tmpvaqvklwk/lib.rs:268:7
    |
268 |     #[ensures(self.invariant_solvency())]
    |       ^^^^^^^
    |
help: consider importing this attribute macro
    |
10  + use prusti_contracts::ensures;
    |

error: cannot find attribute `requires` in this scope
   --> /tmp/tmpvaqvklwk/lib.rs:304:7
    |
304 |     #[requires(self.collateral * self.price < self.debt)]
    |       ^^^^^^^^
    |
help: consider importing this attribute macro
    |
10  + use prusti_contracts::requires;
    |

error: cannot find attribute `ensures` in this scope
   --> /tmp/tmpvaqvklwk/lib.rs:305:7
    |
305 |     #[ensures(self.debt == 0)]
    |       ^^^^^^^
    |
help: consider importing this attribute macro
    |
10  + use prusti_contracts::ensures;
    |

error: cannot find attribute `ensures` in this scope
   --> /tmp/tmpvaqvklwk/lib.rs:306:7
    |
306 |     #[ensures(self.collateral == 0)]
    |       ^^^^^^^
    |
help: consider importing this attribute macro
    |
10  + use prusti_contracts::ensures;
    |

error: cannot find attribute `pure` in this scope
   --> /tmp/tmpvaqvklwk/lib.rs:315:7
    |
315 |     #[pure]
    |       ^^^^
    |
help: consider importing this attribute macro
    |
10  + use prusti_contracts::pure;
    |

error: cannot find attribute `ensures` in this scope
   --> /tmp/tmpvaqvklwk/lib.rs:331:3
    |
331 | #[ensures(result == x + y)]
    |   ^^^^^^^
    |
help: consider importing this attribute macro
    |
10  + use prusti_contracts::ensures;
    |

error: cannot find attribute `ensures` in this scope
   --> /tmp/tmpvaqvklwk/lib.rs:332:3
    |
332 | #[ensures(result >= x && result >= y)]
    |   ^^^^^^^
    |
help: consider importing this attribute macro
    |
10  + use prusti_contracts::ensures;
    |

error: cannot find attribute `ensures` in this scope
   --> /tmp/tmpvaqvklwk/lib.rs:339:3
    |
339 | #[ensures(result == x * y)]
    |   ^^^^^^^
    |
help: consider importing this attribute macro
    |
10  + use prusti_contracts::ensures;
    |

error: cannot find attribute `requires` in this scope
   --> /tmp/tmpvaqvklwk/lib.rs:346:3
    |
346 | #[requires(x >= y)]
    |   ^^^^^^^^
    |
help: consider importing this attribute macro
    |
10  + use prusti_contracts::requires;
    |

error: cannot find attribute `ensures` in this scope
   --> /tmp/tmpvaqvklwk/lib.rs:347:3
    |
347 | #[ensures(result == x - y)]
    |   ^^^^^^^
    |
help: consider importing this attribute macro
    |
10  + use prusti_contracts::ensures;
    |

error: aborting due to 34 previous errors

