=== PRUSTI VERIFICATION LOG ===
timestamp: 2026-04-09T13:17:45.546185
file: /home/slade/HIDING/creusot_example.rs

--- STDOUT ---


--- STDERR ---
  __          __        __  ___             
 |__)  _\/_  |__) |  | /__`  |   ____\/_  | 
 |      /\   |  \ \__/ .__/  |       /\   | 

Prusti version: 0.2.2, commit a0681ee 2023-08-22 15:08:33 UTC, built on 2023-08-22 15:17:40 UTC
warning: function `max` is never used
 --> /tmp/tmp4jf22hiw/lib.rs:5:4
  |
5 | fn max(x: u64, y: u64) -> u64 {
  |    ^^^
  |
  = note: `#[warn(dead_code)]` on by default

warning: function `main` is never used
  --> /tmp/tmp4jf22hiw/lib.rs:18:4
   |
18 | fn main() {
   |    ^^^^

Verification of 2 items...
error: [Prusti: unsupported feature] unsupported constant type &'?10 [&str; 1]
  --> /tmp/tmp4jf22hiw/lib.rs:19:14
   |
19 |     println!("Creusot example - run with: creusot creusot_example.rs");
   |              ^^^^^^^^^^^^^^^^^^^^^^^^^^^^^^^^^^^^^^^^^^^^^^^^^^^^^^^^

thread 'rustc' panicked at viper/src/jni_utils.rs:65:46:
Java exception: java.lang.NoClassDefFoundError: viper/silver/reporter/NoopReporter$ - java.lang.NoClassDefFoundError: viper/silver/reporter/NoopReporter$
Caused by: java.lang.ClassNotFoundException: viper.silver.reporter.NoopReporter$
	at java.base/jdk.internal.loader.BuiltinClassLoader.loadClass(BuiltinClassLoader.java:641)
	at java.base/jdk.internal.loader.ClassLoaders$AppClassLoader.loadClass(ClassLoaders.java:188)
	at java.base/java.lang.ClassLoader.loadClass(ClassLoader.java:526)

stack backtrace:
   0:     0x7f160b32745c - std::backtrace_rs::backtrace::libunwind::trace::hd28b74870fb29f5e
                               at /rustc/180dffba142c47240ca0d93096ce90b9fd97c8d7/library/std/src/../../backtrace/src/backtrace/libunwind.rs:93:5
   1:     0x7f160b32745c - std::backtrace_rs::backtrace::trace_unsynchronized::ha778ba6652f5fff7
                               at /rustc/180dffba142c47240ca0d93096ce90b9fd97c8d7/library/std/src/../../backtrace/src/backtrace/mod.rs:66:5
   2:     0x7f160b32745c - std::sys_common::backtrace::_print_fmt::h57512da8fd27ebfe
                               at /rustc/180dffba142c47240ca0d93096ce90b9fd97c8d7/library/std/src/sys_common/backtrace.rs:67:5
   3:     0x7f160b32745c - <std::sys_common::backtrace::_print::DisplayBacktrace as core::fmt::Display>::fmt::h9ff91e3dfaf4de84
                               at /rustc/180dffba142c47240ca0d93096ce90b9fd97c8d7/library/std/src/sys_common/backtrace.rs:44:22
   4:     0x7f160b38d5ac - core::fmt::rt::Argument::fmt::hb4c9152c9d66f707
                               at /rustc/180dffba142c47240ca0d93096ce90b9fd97c8d7/library/core/src/fmt/rt.rs:138:9
   5:     0x7f160b38d5ac - core::fmt::write::hca827d819a7788c0
                               at /rustc/180dffba142c47240ca0d93096ce90b9fd97c8d7/library/core/src/fmt/mod.rs:1094:21
   6:     0x7f160b319fde - std::io::Write::write_fmt::hda6839af442363e2
                               at /rustc/180dffba142c47240ca0d93096ce90b9fd97c8d7/library/std/src/io/mod.rs:1714:15
   7:     0x7f160b327244 - std::sys_common::backtrace::_print::h83dbca21f18ac9f0
                               at /rustc/180dffba142c47240ca0d93096ce90b9fd97c8d7/library/std/src/sys_common/backtrace.rs:47:5
   8:     0x7f160b327244 - std::sys_common::backtrace::print::h50f6064ce0c0ed75
                               at /rustc/180dffba142c47240ca0d93096ce90b9fd97c8d7/library/std/src/sys_common/backtrace.rs:34:9
   9:     0x7f160b32a33a - std::panicking::panic_hook_with_disk_dump::{{closure}}::habdb4fb696892949
                               at /rustc/180dffba142c47240ca0d93096ce90b9fd97c8d7/library/std/src/panicking.rs:278:22
  10:     0x7f160b32a027 - std::panicking::panic_hook_with_disk_dump::h9e67e3f11439835d
                               at /rustc/180dffba142c47240ca0d93096ce90b9fd97c8d7/library/std/src/panicking.rs:312:9
  11:     0x7f160a149c19 - <rustc_driver_impl[2b0dd1b38bbe9303]::install_ice_hook::{closure#0} as core[b7a320a1e2fc1667]::ops::function::FnOnce<(&core[b7a320a1e2fc1667]::panic::panic_info::PanicInfo,)>>::call_once::{shim:vtable#0}
  12:     0x7f160b32abe0 - <alloc::boxed::Box<F,A> as core::ops::function::Fn<Args>>::call::h5d5db5c849147bae
                               at /rustc/180dffba142c47240ca0d93096ce90b9fd97c8d7/library/alloc/src/boxed.rs:2021:9
  13:     0x7f160b32abe0 - std::panicking::rust_panic_with_hook::h03521a4f77cf14d2
                               at /rustc/180dffba142c47240ca0d93096ce90b9fd97c8d7/library/std/src/panicking.rs:733:13
  14:     0x7f160b32a967 - std::panicking::begin_panic_handler::{{closure}}::ha8912bac885c0f14
                               at /rustc/180dffba142c47240ca0d93096ce90b9fd97c8d7/library/std/src/panicking.rs:621:13
  15:     0x7f160b327986 - std::sys_common::backtrace::__rust_end_short_backtrace::h4ba480d82605b76d
                               at /rustc/180dffba142c47240ca0d93096ce90b9fd97c8d7/library/std/src/sys_common/backtrace.rs:170:18
  16:     0x7f160b32a6b2 - rust_begin_unwind
                               at /rustc/180dffba142c47240ca0d93096ce90b9fd97c8d7/library/std/src/panicking.rs:617:5
  17:     0x7f160b3899b3 - core::panicking::panic_fmt::ha6b7709b07688c2f
                               at /rustc/180dffba142c47240ca0d93096ce90b9fd97c8d7/library/core/src/panicking.rs:67:14
  18:     0x55696bf67228 - viper::jni_utils::JniUtils::unwrap_result::{{closure}}::hd5f451445bbf1822
  19:     0x55696bf78e0a - core::result::Result<T,E>::unwrap_or_else::h9cdda85dfefb3aee
  20:     0x55696bf66b00 - viper::jni_utils::JniUtils::unwrap_result::h5d79bf86d71f8c90
  21:     0x55696bf6f07e - viper::verifier::Verifier::new::{{closure}}::h662f28af89ae9632
  22:     0x55696bf9feb4 - jni::wrapper::jnienv::JNIEnv::with_local_frame::h3038fa6074119820
  23:     0x55696bf6ecec - viper::verifier::Verifier::new::ha05a12b265c0c0b6
  24:     0x55696bf2c0b3 - viper::verification_context::VerificationContext::new_verifier::hf63b4659f47cb467
  25:     0x55696b1675a9 - prusti_server::process_verification::new_viper_verifier::h02fb5adbd01121da
  26:     0x55696a4c59fb - prusti_server::process_verification::process_verification_request::hbe499e6a7e48e82a
  27:     0x55696a33cfe2 - prusti_viper::verifier::verify_programs::{{closure}}::h5f7dfb7f3152de89
  28:     0x55696ae8a85c - core::iter::adapters::map::map_fold::{{closure}}::h1198eaa279002db8
  29:     0x55696ae9706c - core::iter::adapters::map::map_fold::{{closure}}::hb0faa50fa8a55d59
  30:     0x55696a9d3232 - core::iter::traits::iterator::Iterator::fold::ha12054f10e7a9979
  31:     0x55696ae2b348 - <core::iter::adapters::map::Map<I,F> as core::iter::traits::iterator::Iterator>::fold::h19171c3175c46eeb
  32:     0x55696ae33dd1 - <core::iter::adapters::map::Map<I,F> as core::iter::traits::iterator::Iterator>::fold::hc80395c6027523ae
  33:     0x55696ae6de88 - core::iter::traits::iterator::Iterator::for_each::hcdf4138833f295b8
  34:     0x55696ad371aa - alloc::vec::Vec<T,A>::extend_trusted::ha7d653ef34037c4a
  35:     0x55696ad93777 - <alloc::vec::Vec<T,A> as alloc::vec::spec_extend::SpecExtend<T,I>>::spec_extend::h1fa158761d1b68e4
  36:     0x55696ace00e9 - <alloc::vec::Vec<T> as alloc::vec::spec_from_iter_nested::SpecFromIterNested<T,I>>::from_iter::h21237266467a8bf6
  37:     0x55696ad7bbe8 - alloc::vec::in_place_collect::<impl alloc::vec::spec_from_iter::SpecFromIter<T,I> for alloc::vec::Vec<T>>::from_iter::hd7f6cc9ff8fb7f9e
  38:     0x55696ad90897 - <alloc::vec::Vec<T> as core::iter::traits::collect::FromIterator<T>>::from_iter::h99b92b79aa731c14
  39:     0x55696ae6378e - core::iter::traits::iterator::Iterator::collect::h80bdb63d2a79c8bf
  40:     0x55696a33c4bf - prusti_viper::verifier::verify_programs::hb567803034e4f44b
  41:     0x55696a351251 - prusti_viper::verifier::Verifier::verify::h972ce57ee15149ba
  42:     0x55696a10c811 - prusti_driver::verifier::verify::h4d6050d6e4495106
  43:     0x55696a12140d - <prusti_driver::callbacks::PrustiCompilerCalls as rustc_driver_impl::Callbacks>::after_analysis::{{closure}}::h529f5f5f1c24cd1a
  44:     0x55696a130088 - rustc_middle::ty::context::GlobalCtxt::enter::{{closure}}::h3dc5573d893b3fed
  45:     0x55696a10d83f - rustc_middle::ty::context::tls::enter_context::{{closure}}::hc073d7fb6aaa7e2a
  46:     0x55696a12c3ee - std::thread::local::LocalKey<T>::try_with::h4391eead419db7c4
  47:     0x55696a12ff32 - rustc_middle::ty::context::GlobalCtxt::enter::h1f86506599ff8af8
  48:     0x55696a111422 - rustc_interface::queries::QueryResult<&rustc_middle::ty::context::GlobalCtxt>::enter::h8d03f6b053f2b45a
  49:     0x55696a120ea0 - <prusti_driver::callbacks::PrustiCompilerCalls as rustc_driver_impl::Callbacks>::after_analysis::h38b8ac41da0735a2
  50:     0x7f160944870c - <rustc_interface[34d3442556ad0076]::interface::Compiler>::enter::<rustc_driver_impl[2b0dd1b38bbe9303]::run_compiler::{closure#1}::{closure#2}, core[b7a320a1e2fc1667]::result::Result<core[b7a320a1e2fc1667]::option::Option<rustc_interface[34d3442556ad0076]::queries::Linker>, rustc_span[a2bfcccd8fd8f5bb]::ErrorGuaranteed>>
  51:     0x7f16094419f8 - std[19b50d524ab2d114]::sys_common::backtrace::__rust_begin_short_backtrace::<rustc_interface[34d3442556ad0076]::util::run_in_thread_pool_with_globals<rustc_interface[34d3442556ad0076]::interface::run_compiler<core[b7a320a1e2fc1667]::result::Result<(), rustc_span[a2bfcccd8fd8f5bb]::ErrorGuaranteed>, rustc_driver_impl[2b0dd1b38bbe9303]::run_compiler::{closure#1}>::{closure#0}, core[b7a320a1e2fc1667]::result::Result<(), rustc_span[a2bfcccd8fd8f5bb]::ErrorGuaranteed>>::{closure#0}::{closure#0}, core[b7a320a1e2fc1667]::result::Result<(), rustc_span[a2bfcccd8fd8f5bb]::ErrorGuaranteed>>
  52:     0x7f16099bc9b5 - <<std[19b50d524ab2d114]::thread::Builder>::spawn_unchecked_<rustc_interface[34d3442556ad0076]::util::run_in_thread_pool_with_globals<rustc_interface[34d3442556ad0076]::interface::run_compiler<core[b7a320a1e2fc1667]::result::Result<(), rustc_span[a2bfcccd8fd8f5bb]::ErrorGuaranteed>, rustc_driver_impl[2b0dd1b38bbe9303]::run_compiler::{closure#1}>::{closure#0}, core[b7a320a1e2fc1667]::result::Result<(), rustc_span[a2bfcccd8fd8f5bb]::ErrorGuaranteed>>::{closure#0}::{closure#0}, core[b7a320a1e2fc1667]::result::Result<(), rustc_span[a2bfcccd8fd8f5bb]::ErrorGuaranteed>>::{closure#1} as core[b7a320a1e2fc1667]::ops::function::FnOnce<()>>::call_once::{shim:vtable#0}
  53:     0x7f160b3353d5 - <alloc::boxed::Box<F,A> as core::ops::function::FnOnce<Args>>::call_once::h8108faf30968431e
                               at /rustc/180dffba142c47240ca0d93096ce90b9fd97c8d7/library/alloc/src/boxed.rs:2007:9
  54:     0x7f160b3353d5 - <alloc::boxed::Box<F,A> as core::ops::function::FnOnce<Args>>::call_once::ha6d7c4e006483c0a
                               at /rustc/180dffba142c47240ca0d93096ce90b9fd97c8d7/library/alloc/src/boxed.rs:2007:9
  55:     0x7f160b3353d5 - std::sys::unix::thread::Thread::new::thread_start::h06866bf1295ea7c8
                               at /rustc/180dffba142c47240ca0d93096ce90b9fd97c8d7/library/std/src/sys/unix/thread.rs:108:17
  56:     0x7f16057a9469 - <unknown>
  57:     0x7f1605827cf8 - <unknown>
  58:                0x0 - <unknown>

error: the compiler unexpectedly panicked. this is a bug.

note: we would appreciate a bug report: https://github.com/viperproject/prusti-dev/issues/new

note: please attach the file at `/tmp/tmp4jf22hiw/rustc-ice-2026-04-09T10:17:44.563308466Z-9765.txt` to your bug report

note: compiler flags: --crate-type lib

query stack during panic:
end of query stack
note: Prusti version: 0.2.2, commit a0681ee 2023-08-22 15:08:33 UTC, built on 2023-08-22 15:17:40 UTC

error: aborting due to previous error; 2 warnings emitted

